Partition Assistant log is as follows:

====================== System Information ======================
Module Path: C:\Users\Gremlin\Desktop\Backup\AAA3A Partition Updated\portable\x64\aomei partition assistant\App\PartAssist\PartAssist.exe
Product Name: Windows 10 Enterprise
Service Package: 
OS Version: 6.3
Total Memory: 8084 MB
Available Memory: 6732 MB
System Root: X:\windows
Processor Architecture: AMD64
Processor Number: 4
Current Time: 2022-3-1 11:53:47
================================================================

[0       ][2022-03-01 11:53:47] Utility.cpp(318): 64-bit operating system.
[0       ][2022-03-01 11:53:47] sys.cpp(160): Failed to NtLoadDriver.
[0       ][2022-03-01 11:53:47] Utility.cpp(318): 64-bit operating system.
[0       ][2022-03-01 11:53:47] Utility.cpp(318): 64-bit operating system.
[2022-03-01 11:53:47] AOMEI Partition Assistant 9.6.1 Technician Edition
[0       ][2022-03-01 11:53:47] PeInstatllDriver.cpp(87) Begin load inf
[1       ][2022-03-01 11:53:48] vol.cpp(456): Failed to GetPartitionNumber.
[1       ][2022-03-01 11:53:48] vol.cpp(456): Failed to GetPartitionNumber.
[0       ][2022-03-01 11:53:48] disk.cpp(169) Disk0 is removble use?0
[1       ][2022-03-01 11:53:48] vol.cpp(456): Failed to GetPartitionNumber.
[1       ][2022-03-01 11:53:48] vol.cpp(456): Failed to GetPartitionNumber.
[0       ][2022-03-01 11:53:48] disk.cpp(169) Disk1 is removble use?0
[1       ][2022-03-01 11:53:48] vol.cpp(456): Failed to GetPartitionNumber.
[1       ][2022-03-01 11:53:48] vol.cpp(456): Failed to GetPartitionNumber.
[2       ][2022-03-01 11:53:48] vol.cpp(1119): Failed to GetSystemVolumeDevice in IsSystemVolume.
[1       ][2022-03-01 11:53:48] vol.cpp(456): Failed to GetPartitionNumber.
[1       ][2022-03-01 11:53:48] vol.cpp(456): Failed to GetPartitionNumber.
[1       ][2022-03-01 11:53:48] vol.cpp(456): Failed to GetPartitionNumber.
[1       ][2022-03-01 11:53:48] vol.cpp(456): Failed to GetPartitionNumber.
[2       ][2022-03-01 11:53:48] vol.cpp(1119): Failed to GetSystemVolumeDevice in IsSystemVolume.
[1       ][2022-03-01 11:53:48] vol.cpp(456): Failed to GetPartitionNumber.
[1       ][2022-03-01 11:53:48] vol.cpp(456): Failed to GetPartitionNumber.
[0       ][2022-03-01 11:53:48] fatlabel.cpp(184): Failed to get label for FAT32.
[1       ][2022-03-01 11:53:48] vol.cpp(456): Failed to GetPartitionNumber.
[1       ][2022-03-01 11:53:48] vol.cpp(456): Failed to GetPartitionNumber.
[2       ][2022-03-01 11:53:48] vol.cpp(1119): Failed to GetSystemVolumeDevice in IsSystemVolume.
[1       ][2022-03-01 11:53:48] vol.cpp(456): Failed to GetPartitionNumber.
[1       ][2022-03-01 11:53:48] vol.cpp(456): Failed to GetPartitionNumber.
[2       ][2022-03-01 11:53:48] part.cpp(627): Other file system.
[1       ][2022-03-01 11:53:48] vol.cpp(456): Failed to GetPartitionNumber.
[1       ][2022-03-01 11:53:48] vol.cpp(456): Failed to GetPartitionNumber.
[2       ][2022-03-01 11:53:48] vol.cpp(1119): Failed to GetSystemVolumeDevice in IsSystemVolume.
[1       ][2022-03-01 11:53:48] vol.cpp(456): Failed to GetPartitionNumber.
[1       ][2022-03-01 11:53:48] vol.cpp(456): Failed to GetPartitionNumber.
[1       ][2022-03-01 11:53:48] vol.cpp(456): Failed to GetPartitionNumber.
[1       ][2022-03-01 11:53:48] vol.cpp(456): Failed to GetPartitionNumber.
[2       ][2022-03-01 11:53:48] vol.cpp(1119): Failed to GetSystemVolumeDevice in IsSystemVolume.
[1       ][2022-03-01 11:53:49] vol.cpp(456): Failed to GetPartitionNumber.
[1       ][2022-03-01 11:53:49] vol.cpp(456): Failed to GetPartitionNumber.
[1       ][2022-03-01 11:53:49] vol.cpp(456): Failed to GetPartitionNumber.
[1       ][2022-03-01 11:53:49] vol.cpp(456): Failed to GetPartitionNumber.
[2       ][2022-03-01 11:53:49] vol.cpp(1119): Failed to GetSystemVolumeDevice in IsSystemVolume.
[1       ][2022-03-01 11:53:49] vol.cpp(456): Failed to GetPartitionNumber.
[1       ][2022-03-01 11:53:49] vol.cpp(456): Failed to GetPartitionNumber.
[1       ][2022-03-01 11:53:49] vol.cpp(456): Failed to GetPartitionNumber.
[1       ][2022-03-01 11:53:49] vol.cpp(456): Failed to GetPartitionNumber.
[2       ][2022-03-01 11:53:49] vol.cpp(1119): Failed to GetSystemVolumeDevice in IsSystemVolume.
[1       ][2022-03-01 11:53:49] vol.cpp(456): Failed to GetPartitionNumber.
[1       ][2022-03-01 11:53:49] vol.cpp(456): Failed to GetPartitionNumber.
[1       ][2022-03-01 11:53:49] vol.cpp(456): Failed to GetPartitionNumber.
[1       ][2022-03-01 11:53:49] vol.cpp(456): Failed to GetPartitionNumber.
[2       ][2022-03-01 11:53:49] vol.cpp(1119): Failed to GetSystemVolumeDevice in IsSystemVolume.
[1       ][2022-03-01 11:53:49] vol.cpp(456): Failed to GetPartitionNumber.
[1       ][2022-03-01 11:53:49] vol.cpp(456): Failed to GetPartitionNumber.
[1       ][2022-03-01 11:53:49] vol.cpp(456): Failed to GetPartitionNumber.
[1       ][2022-03-01 11:53:49] vol.cpp(456): Failed to GetPartitionNumber.
[2       ][2022-03-01 11:53:49] vol.cpp(1119): Failed to GetSystemVolumeDevice in IsSystemVolume.
[1       ][2022-03-01 11:53:49] vol.cpp(456): Failed to GetPartitionNumber.
[1       ][2022-03-01 11:53:49] vol.cpp(456): Failed to GetPartitionNumber.
[1       ][2022-03-01 11:53:49] vol.cpp(456): Failed to GetPartitionNumber.
[1       ][2022-03-01 11:53:49] vol.cpp(456): Failed to GetPartitionNumber.
[2       ][2022-03-01 11:53:49] vol.cpp(1119): Failed to GetSystemVolumeDevice in IsSystemVolume.
[1       ][2022-03-01 11:53:49] vol.cpp(456): Failed to GetPartitionNumber.
[1       ][2022-03-01 11:53:49] vol.cpp(456): Failed to GetPartitionNumber.
[2022-03-01 11:53:49] 


//////////////////////////// Reload Disk Information ////////////////////////////
[2022-03-01 11:53:49] 

Disks Summary:
[2022-03-01 11:53:49] ================================================================
[2022-03-01 11:53:49] Disk Index	Total Sector		Geometry			Product Name				DiskSign
[2022-03-01 11:53:49] ----------	------------		--------			------------				------------
[2022-03-01 11:53:49] 0		1953525168 (931.51GB)	(121601,255,63,512)		ST1000LM024 HN-M101MBB (GPT Disk)		beae27e3cb474a920000008b000000c2
[2022-03-01 11:53:49] 1		30277632 (14.44GB)	(1884,255,63,512)		KingstonDataTraveler 3.0 (GPT Disk)		23cb5606725a4951000000b100000036
[2022-03-01 11:53:49] 

Partitions Summary:
[2022-03-01 11:53:49] ================================================================
[2022-03-01 11:53:49] Disk	Partition	Drive Letter	File System	Total Sector		Used Sector		Free Sector		Partition Status	Pri/Log		DBR Start Sector	End Sector      			MBR Start Sector			Cluster Size	Volume Label
[2022-03-01 11:53:49] ----	---------	------------	-----------	------------		-----------		-----------		----------------	-------		----------------	----------------			----------------			------------	------------
[2022-03-01 11:53:49] 0	1		*:		NTFS(3.1)   	819199     (400.00MB)	573568     (280.06MB)	245631     (119.94MB)	Boot                	GPT,WRE		2048           		821247         (51,30,43)		0           (0,32,33)			8		WINRE
[2022-03-01 11:53:49] 0	2		*:		FAT32       	532480     (260.00MB)	207448     (101.29MB)	325032     (158.71MB)	Boot                	GPT,EFI		821248         		1353727        (84,67,47)		0           (51,30,44)			8		
[2022-03-01 11:53:49] 0	3		*:		Other       	262144     (128.00MB)	0          (0KB)	262144     (128.00MB)	Boot                	GPT,MSR		1353728        		1615871        (100,148,48)		0           (84,67,48)			0		
[2022-03-01 11:53:49] 0	4		C:		NTFS(3.1)   	1908184665 (909.89GB)	1676140440 (799.25GB)	232044225  (110.65GB)	None                	GPT,Data		1615872        		1909800537     (118879,149,16)		0           (100,148,49)			8		Windows
[2022-03-01 11:53:49] 0	5		*:		NTFS(3.1)   	1439743    (703.00MB)	1262576    (616.49MB)	177167     (86.51MB)	Boot                	GPT,WRE		1909800960     		1911240703     (118969,59,2)		0           (118879,155,61)			8		
[2022-03-01 11:53:49] 0	6		*:		NTFS(3.1)   	1746943    (853.00MB)	1139240    (556.27MB)	607703     (296.73MB)	Boot                	GPT,WRE		1911242752     		1912989695     (119078,25,51)		0           (118969,91,35)			8		
[2022-03-01 11:53:50] 0	7		*:		NTFS(3.1)   	2041855    (997.00MB)	1289416    (629.60MB)	752439     (367.40MB)	Boot                	GPT,WRE		1912991744     		1915033599     (119205,83,46)		0           (119078,58,21)			8		
[2022-03-01 11:53:50] 0	8		D:		NTFS(3.1)   	38479871   (18.35GB)	34658512   (16.53GB)	3821359    (1.82GB)	None                	GPT,Data		1915033600     		1953513471     (121600,150,22)		0           (119205,83,47)			8		RECOVERY
[2022-03-01 11:53:50] 
[2022-03-01 11:53:50] 1	1		F:		exFAT       	30210008   (14.41GB)	26814400   (12.79GB)	3395608    (1.62GB)	None                	GPT,Data		2048           		30212055       (1880,156,28)		0           (0,32,33)			64		Gremlin USB
[2022-03-01 11:53:50] 1	2		*:		FAT16       	65536      (32.00MB)	55383      (27.04MB)	10153      (4.96MB)	Hid Boot            	GPT,Data		30212056       		30277591       (1884,176,44)		0           (1880,156,29)			1		VTOYEFI
[2022-03-01 11:53:50] 
[2022-03-01 11:53:50] ================================================================
[2022-03-01 11:53:50] AOMEI Partition Assistant Is Working...
[2022-03-01 11:53:50]  
[2022-03-01 11:53:50] 1
[2022-03-01 11:53:50] 2
