Partition Assistant log is as follows:

====================== System Information ======================
Module Path: F:\AOMEI Partition Assistant\App\PartAssist\PartAssist.exe
Product Name: Windows 10 Home
Service Package: 
OS Version: 6.3
Total Memory: 8084 MB
Available Memory: 4036 MB
System Root: C:\WINDOWS
Processor Architecture: AMD64
Processor Number: 4
Current Time: 2022-2-26 15:26:25
================================================================

[0       ][2022-02-26 15:26:25] Utility.cpp(318): 64-bit operating system.
[2022-02-26 15:26:26] AOMEI Partition Assistant 9.6.1 Technician Edition
[0       ][2022-02-26 15:26:26] disk.cpp(169) Disk0 is removble use?0
[0       ][2022-02-26 15:26:26] disk.cpp(169) Disk1 is removble use?0
[0       ][2022-02-26 15:26:26] fatlabel.cpp(184): Failed to get label for FAT32.
[1       ][2022-02-26 15:26:26] part.cpp(627): Other file system.
[2022-02-26 15:26:27] 


//////////////////////////// Reload Disk Information ////////////////////////////
[2022-02-26 15:26:27] 

Disks Summary:
[2022-02-26 15:26:27] ================================================================
[2022-02-26 15:26:27] Disk Index	Total Sector		Geometry			Product Name				DiskSign
[2022-02-26 15:26:27] ----------	------------		--------			------------				------------
[2022-02-26 15:26:27] 0		1953525168 (931.51GB)	(121601,255,63,512)		ST1000LM024 HN-M101MBB (GPT Disk)		beae27e3cb474a920000008b000000c2
[2022-02-26 15:26:27] 1		4116480 (1.96GB)	(256,255,63,512)		USB     Flash Disk       (Base Disk)		fcaa7c9a
[2022-02-26 15:26:27] 

Partitions Summary:
[2022-02-26 15:26:27] ================================================================
[2022-02-26 15:26:27] Disk	Partition	Drive Letter	File System	Total Sector		Used Sector		Free Sector		Partition Status	Pri/Log		DBR Start Sector	End Sector      			MBR Start Sector			Cluster Size	Volume Label
[2022-02-26 15:26:27] ----	---------	------------	-----------	------------		-----------		-----------		----------------	-------		----------------	----------------			----------------			------------	------------
[2022-02-26 15:26:27] 0	1		*:		NTFS(3.1)   	819199     (400.00MB)	573568     (280.06MB)	245631     (119.94MB)	None                	GPT,WRE		2048           		821247         (51,30,43)		0           (0,32,33)			8		WINRE
[2022-02-26 15:26:27] 0	2		*:		FAT32       	532480     (260.00MB)	207416     (101.28MB)	325064     (158.72MB)	Sys                 	GPT,EFI		821248         		1353727        (84,67,47)		0           (51,30,44)			8		
[2022-02-26 15:26:27] 0	3		*:		Other       	262144     (128.00MB)	0          (0KB)	262144     (128.00MB)	None                	GPT,MSR		1353728        		1615871        (100,148,48)		0           (84,67,48)			0		
[2022-02-26 15:26:27] 0	4		C:		NTFS(3.1)   	1908184665 (909.89GB)	1703304072 (812.20GB)	204880593  (97.69GB)	Boot                	GPT,Data		1615872        		1909800537     (118879,149,16)		0           (100,148,49)			8		Windows
[2022-02-26 15:26:27] 0	5		*:		NTFS(3.1)   	1439743    (703.00MB)	1262576    (616.49MB)	177167     (86.51MB)	None                	GPT,WRE		1909800960     		1911240703     (118969,59,2)		0           (118879,155,61)			8		
[2022-02-26 15:26:27] 0	6		*:		NTFS(3.1)   	1746943    (853.00MB)	1139240    (556.27MB)	607703     (296.73MB)	None                	GPT,WRE		1911242752     		1912989695     (119078,25,51)		0           (118969,91,35)			8		
[2022-02-26 15:26:27] 0	7		*:		NTFS(3.1)   	2041855    (997.00MB)	1289416    (629.60MB)	752439     (367.40MB)	None                	GPT,WRE		1912991744     		1915033599     (119205,83,46)		0           (119078,58,21)			8		
[2022-02-26 15:26:27] 0	8		D:		NTFS(3.1)   	38479871   (18.35GB)	34658512   (16.53GB)	3821359    (1.82GB)	None                	GPT,Data		1915033600     		1953513471     (121600,150,22)		0           (119205,83,47)			8		RECOVERY
[2022-02-26 15:26:27] 
[2022-02-26 15:26:27] 1	1		F:		NTFS(3.1)   	4048895    (1.93GB)	2113968    (1.01GB)	1934927    (944.79MB)	Act                 	Primary		2048           		4050943        (252,40,44)		0           (0,32,33)			8		Ventoy
[2022-02-26 15:26:27] 1	2		*:		FAT16       	65536      (32.00MB)	46673      (22.79MB)	18863      (9.21MB)	None                	Primary		4050944        		4116479        (256,60,60)		0           (252,40,45)			1		VTOYEFI
[2022-02-26 15:26:27] 
[0       ][2022-02-26 15:26:34] MainFrm.cpp(4566): Build Number: 19044
[0       ][2022-02-26 15:26:34] MainFrm.cpp(4566): Build Number: 19044
[2022-02-26 15:26:34] ================================================================
[2022-02-26 15:26:34] AOMEI Partition Assistant Is Working...
[2022-02-26 15:26:34]  
[2022-02-26 15:26:34] 1
[2022-02-26 15:26:34] 2
[2       ][2022-02-26 15:26:35] MainFrm.cpp(4746): Download notify success!
[2       ][2022-02-26 15:26:35] MainFrm.cpp(4748): popInfos:0
[0       ][2022-02-26 15:26:36] MainFrm.cpp(4566): Build Number: 19044
