2021-07-03 16:15:15,228 [INFO] <2000> ==========================================================================================================
2021-07-03 16:15:15,228 [INFO] <2000>                                              SchedulerService start                                              
2021-07-03 16:15:15,228 [INFO] <2000> ==========================================================================================================
2021-07-03 16:15:15,228 [INFO] <2000> Logger initial success.
2021-07-03 16:15:15,244 [INFO] <2000> SchedulerService initial success.
2021-07-03 16:15:15,244 [INFO] <2000> SchedulerService start success.
2021-09-25 17:20:44,061 [INFO] <8772> ==========================================================================================================
2021-09-25 17:20:44,061 [INFO] <8772>                                              SchedulerService start                                              
2021-09-25 17:20:44,061 [INFO] <8772> ==========================================================================================================
2021-09-25 17:20:44,061 [INFO] <8772> Logger initial success.
2021-09-25 17:20:44,146 [INFO] <8772> SchedulerService initial success.
2021-09-25 17:20:44,146 [INFO] <8772> SchedulerService start success.
2021-10-02 12:32:13,095 [INFO] <4612> ==========================================================================================================
2021-10-02 12:32:13,113 [INFO] <4612>                                              SchedulerService start                                              
2021-10-02 12:32:13,113 [INFO] <4612> ==========================================================================================================
2021-10-02 12:32:13,113 [INFO] <4612> Logger initial success.
2021-10-02 12:32:13,398 [INFO] <4612> SchedulerService initial success.
2021-10-02 12:32:13,427 [INFO] <4612> SchedulerService start success.
2022-02-07 10:29:16,997 [INFO] <6528> ==========================================================================================================
2022-02-07 10:29:16,997 [INFO] <6528>                                              SchedulerService start                                              
2022-02-07 10:29:16,997 [INFO] <6528> ==========================================================================================================
2022-02-07 10:29:16,997 [INFO] <6528> Logger initial success.
2022-02-07 10:29:17,012 [INFO] <6528> SchedulerService initial success.
2022-02-07 10:29:17,012 [INFO] <6528> SchedulerService start success.
2022-02-07 10:34:48,635 [INFO] <4380> ==========================================================================================================
2022-02-07 10:34:48,822 [INFO] <4380>                                              SchedulerService start                                              
2022-02-07 10:34:48,822 [INFO] <4380> ==========================================================================================================
2022-02-07 10:34:48,822 [INFO] <4380> Logger initial success.
2022-02-07 10:34:52,666 [INFO] <4380> SchedulerService initial success.
2022-02-07 10:34:52,932 [INFO] <4380> SchedulerService start success.
2022-02-07 11:42:19,121 [INFO] <1664> ==========================================================================================================
2022-02-07 11:42:19,152 [INFO] <1664>                                              SchedulerService start                                              
2022-02-07 11:42:19,152 [INFO] <1664> ==========================================================================================================
2022-02-07 11:42:19,152 [INFO] <1664> Logger initial success.
2022-02-07 11:42:19,543 [INFO] <1664> SchedulerService initial success.
2022-02-07 11:42:19,574 [INFO] <1664> SchedulerService start success.
2022-02-07 11:46:56,770 [INFO] <4844> ==========================================================================================================
2022-02-07 11:46:56,864 [INFO] <4844>                                              SchedulerService start                                              
2022-02-07 11:46:56,864 [INFO] <4844> ==========================================================================================================
2022-02-07 11:46:56,864 [INFO] <4844> Logger initial success.
2022-02-07 11:46:59,536 [INFO] <4844> SchedulerService initial success.
2022-02-07 11:46:59,629 [INFO] <4844> SchedulerService start success.
2022-02-07 13:14:08,476 [INFO] <4844> SchedulerService stop success.
2022-02-07 13:19:02,698 [INFO] <4444> ==========================================================================================================
2022-02-07 13:19:02,807 [INFO] <4444>                                              SchedulerService start                                              
2022-02-07 13:19:02,807 [INFO] <4444> ==========================================================================================================
2022-02-07 13:19:02,807 [INFO] <4444> Logger initial success.
2022-02-07 13:19:07,401 [INFO] <4444> SchedulerService initial success.
2022-02-07 13:19:07,588 [INFO] <4444> SchedulerService start success.
2022-02-07 13:28:00,120 [INFO] <4444> SchedulerService stop success.
2022-02-07 13:31:14,037 [INFO] <4432> ==========================================================================================================
2022-02-07 13:31:14,153 [INFO] <4432>                                              SchedulerService start                                              
2022-02-07 13:31:14,153 [INFO] <4432> ==========================================================================================================
2022-02-07 13:31:14,153 [INFO] <4432> Logger initial success.
2022-02-07 13:31:17,216 [INFO] <4432> SchedulerService initial success.
2022-02-07 13:31:17,310 [INFO] <4432> SchedulerService start success.
2022-02-07 13:56:50,617 [INFO] <4432> SchedulerService stop success.
2022-02-07 14:02:04,787 [INFO] <4508> ==========================================================================================================
2022-02-07 14:02:04,974 [INFO] <4508>                                              SchedulerService start                                              
2022-02-07 14:02:04,974 [INFO] <4508> ==========================================================================================================
2022-02-07 14:02:04,974 [INFO] <4508> Logger initial success.
2022-02-07 14:02:06,662 [INFO] <4508> SchedulerService initial success.
2022-02-07 14:02:06,771 [INFO] <4508> SchedulerService start success.
2022-02-07 15:37:11,575 [INFO] <4508> SchedulerService stop success.
2022-02-07 15:41:01,996 [INFO] <4628> ==========================================================================================================
2022-02-07 15:41:02,085 [INFO] <4628>                                              SchedulerService start                                              
2022-02-07 15:41:02,085 [INFO] <4628> ==========================================================================================================
2022-02-07 15:41:02,085 [INFO] <4628> Logger initial success.
2022-02-07 15:41:03,258 [INFO] <4628> SchedulerService initial success.
2022-02-07 15:41:03,298 [INFO] <4628> SchedulerService start success.
2022-02-07 16:52:12,522 [INFO] <4628> SchedulerService stop success.
2022-02-07 17:06:33,969 [INFO] <4356> ==========================================================================================================
2022-02-07 17:06:36,282 [INFO] <4356>                                              SchedulerService start                                              
2022-02-07 17:06:36,282 [INFO] <4356> ==========================================================================================================
2022-02-07 17:06:36,282 [INFO] <4356> Logger initial success.
2022-02-07 17:06:39,860 [INFO] <4356> SchedulerService initial success.
2022-02-07 17:06:39,860 [INFO] <4356> SchedulerService start success.
2022-02-07 17:21:33,709 [INFO] <4356> SchedulerService stop success.
2022-02-07 17:46:11,986 [INFO] <4232> ==========================================================================================================
2022-02-07 17:46:12,017 [INFO] <4232>                                              SchedulerService start                                              
2022-02-07 17:46:12,017 [INFO] <4232> ==========================================================================================================
2022-02-07 17:46:12,017 [INFO] <4232> Logger initial success.
2022-02-07 17:46:22,069 [INFO] <4232> SchedulerService initial success.
2022-02-07 17:46:22,069 [INFO] <4232> SchedulerService start success.
2022-02-07 19:03:49,345 [INFO] <4232> SchedulerService stop success.
2022-02-07 19:10:05,883 [INFO] <4048> ==========================================================================================================
2022-02-07 19:10:06,453 [INFO] <4048>                                              SchedulerService start                                              
2022-02-07 19:10:06,453 [INFO] <4048> ==========================================================================================================
2022-02-07 19:10:06,453 [INFO] <4048> Logger initial success.
2022-02-07 19:10:11,943 [INFO] <4048> SchedulerService initial success.
2022-02-07 19:10:12,081 [INFO] <4048> SchedulerService start success.
2022-02-07 19:30:42,153 [INFO] <4048> SchedulerService stop success.
2022-02-08 10:51:22,469 [INFO] <5928> ==========================================================================================================
2022-02-08 10:51:22,766 [INFO] <5928>                                              SchedulerService start                                              
2022-02-08 10:51:22,766 [INFO] <5928> ==========================================================================================================
2022-02-08 10:51:22,766 [INFO] <5928> Logger initial success.
2022-02-08 10:51:35,984 [INFO] <5928> SchedulerService initial success.
2022-02-08 10:51:36,250 [INFO] <5928> SchedulerService start success.
2022-02-08 12:42:12,537 [INFO] <5928> SchedulerService stop success.
2022-02-08 13:20:41,049 [INFO] <4896> ==========================================================================================================
2022-02-08 13:20:41,252 [INFO] <4896>                                              SchedulerService start                                              
2022-02-08 13:20:41,252 [INFO] <4896> ==========================================================================================================
2022-02-08 13:20:41,252 [INFO] <4896> Logger initial success.
2022-02-08 13:20:49,830 [INFO] <4896> SchedulerService initial success.
2022-02-08 13:20:50,439 [INFO] <4896> SchedulerService start success.
2022-02-08 14:50:57,533 [INFO] <4896> SchedulerService stop success.
2022-02-08 15:06:03,055 [INFO] <4804> ==========================================================================================================
2022-02-08 15:06:03,321 [INFO] <4804>                                              SchedulerService start                                              
2022-02-08 15:06:03,321 [INFO] <4804> ==========================================================================================================
2022-02-08 15:06:03,321 [INFO] <4804> Logger initial success.
2022-02-08 15:06:09,727 [INFO] <4804> SchedulerService initial success.
2022-02-08 15:06:09,961 [INFO] <4804> SchedulerService start success.
2022-02-08 16:43:39,556 [INFO] <4804> SchedulerService stop success.
2022-02-08 16:55:26,749 [INFO] <4256> ==========================================================================================================
2022-02-08 16:55:26,749 [INFO] <4256>                                              SchedulerService start                                              
2022-02-08 16:55:26,749 [INFO] <4256> ==========================================================================================================
2022-02-08 16:55:26,749 [INFO] <4256> Logger initial success.
2022-02-08 16:55:41,505 [INFO] <4256> SchedulerService initial success.
2022-02-08 16:55:41,521 [INFO] <4256> SchedulerService start success.
2022-02-08 20:42:55,637 [INFO] <4256> SchedulerService stop success.
2022-02-08 20:52:56,678 [INFO] <4280> ==========================================================================================================
2022-02-08 20:52:56,701 [INFO] <4280>                                              SchedulerService start                                              
2022-02-08 20:52:56,701 [INFO] <4280> ==========================================================================================================
2022-02-08 20:52:56,701 [INFO] <4280> Logger initial success.
2022-02-08 20:52:57,003 [INFO] <4280> SchedulerService initial success.
2022-02-08 20:52:57,003 [INFO] <4280> SchedulerService start success.
2022-02-08 21:04:34,902 [INFO] <4280> SchedulerService stop success.
2022-02-09 11:39:50,885 [INFO] <4268> ==========================================================================================================
2022-02-09 11:39:51,168 [INFO] <4268>                                              SchedulerService start                                              
2022-02-09 11:39:51,168 [INFO] <4268> ==========================================================================================================
2022-02-09 11:39:51,168 [INFO] <4268> Logger initial success.
2022-02-09 11:39:51,186 [INFO] <4268> SchedulerService initial success.
2022-02-09 11:39:51,186 [INFO] <4268> SchedulerService start success.
2022-02-09 13:22:09,388 [INFO] <4268> SchedulerService stop success.
2022-02-09 13:28:37,539 [INFO] <4284> ==========================================================================================================
2022-02-09 13:28:37,569 [INFO] <4284>                                              SchedulerService start                                              
2022-02-09 13:28:37,569 [INFO] <4284> ==========================================================================================================
2022-02-09 13:28:37,569 [INFO] <4284> Logger initial success.
2022-02-09 13:28:37,640 [INFO] <4284> SchedulerService initial success.
2022-02-09 13:28:37,640 [INFO] <4284> SchedulerService start success.
2022-02-09 17:34:02,359 [INFO] <4284> SchedulerService stop success.
2022-02-09 17:35:20,829 [INFO] <4572> ==========================================================================================================
2022-02-09 17:35:20,837 [INFO] <4572>                                              SchedulerService start                                              
2022-02-09 17:35:20,837 [INFO] <4572> ==========================================================================================================
2022-02-09 17:35:20,837 [INFO] <4572> Logger initial success.
2022-02-09 17:35:20,867 [INFO] <4572> SchedulerService initial success.
2022-02-09 17:35:20,869 [INFO] <4572> SchedulerService start success.
2022-02-09 17:54:49,034 [INFO] <4572> SchedulerService stop success.
2022-02-09 17:56:14,700 [INFO] <4664> ==========================================================================================================
2022-02-09 17:56:14,700 [INFO] <4664>                                              SchedulerService start                                              
2022-02-09 17:56:14,700 [INFO] <4664> ==========================================================================================================
2022-02-09 17:56:14,700 [INFO] <4664> Logger initial success.
2022-02-09 17:56:14,720 [INFO] <4664> SchedulerService initial success.
2022-02-09 17:56:14,728 [INFO] <4664> SchedulerService start success.
2022-02-09 20:44:32,423 [INFO] <4664> SchedulerService stop success.
2022-02-10 11:39:38,906 [INFO] <4916> ==========================================================================================================
2022-02-10 11:39:38,906 [INFO] <4916>                                              SchedulerService start                                              
2022-02-10 11:39:38,906 [INFO] <4916> ==========================================================================================================
2022-02-10 11:39:38,906 [INFO] <4916> Logger initial success.
2022-02-10 11:39:39,016 [INFO] <4916> SchedulerService initial success.
2022-02-10 11:39:39,016 [INFO] <4916> SchedulerService start success.
2022-02-10 12:32:12,244 [INFO] <4916> SchedulerService stop success.
2022-02-10 12:41:29,381 [INFO] <4412> ==========================================================================================================
2022-02-10 12:41:29,396 [INFO] <4412>                                              SchedulerService start                                              
2022-02-10 12:41:29,396 [INFO] <4412> ==========================================================================================================
2022-02-10 12:41:29,396 [INFO] <4412> Logger initial success.
2022-02-10 12:41:29,412 [INFO] <4412> SchedulerService initial success.
2022-02-10 12:41:29,427 [INFO] <4412> SchedulerService start success.
2022-02-10 14:03:11,865 [INFO] <4412> SchedulerService stop success.
2022-02-10 14:07:43,071 [INFO] <4232> ==========================================================================================================
2022-02-10 14:07:43,121 [INFO] <4232>                                              SchedulerService start                                              
2022-02-10 14:07:43,121 [INFO] <4232> ==========================================================================================================
2022-02-10 14:07:43,121 [INFO] <4232> Logger initial success.
2022-02-10 14:07:43,152 [INFO] <4232> SchedulerService initial success.
2022-02-10 14:07:43,152 [INFO] <4232> SchedulerService start success.
2022-02-10 15:00:09,686 [INFO] <4232> SchedulerService stop success.
2022-02-10 15:09:44,509 [INFO] <4276> ==========================================================================================================
2022-02-10 15:09:44,590 [INFO] <4276>                                              SchedulerService start                                              
2022-02-10 15:09:44,590 [INFO] <4276> ==========================================================================================================
2022-02-10 15:09:44,590 [INFO] <4276> Logger initial success.
2022-02-10 15:09:44,620 [INFO] <4276> SchedulerService initial success.
2022-02-10 15:09:44,628 [INFO] <4276> SchedulerService start success.
2022-02-10 15:22:17,247 [INFO] <4276> SchedulerService stop success.
2022-02-10 15:47:03,939 [INFO] <4148> ==========================================================================================================
2022-02-10 15:47:03,939 [INFO] <4148>                                              SchedulerService start                                              
2022-02-10 15:47:03,939 [INFO] <4148> ==========================================================================================================
2022-02-10 15:47:03,939 [INFO] <4148> Logger initial success.
2022-02-10 15:47:03,969 [INFO] <4148> SchedulerService initial success.
2022-02-10 15:47:03,969 [INFO] <4148> SchedulerService start success.
2022-02-10 15:59:09,279 [INFO] <4148> SchedulerService stop success.
2022-02-10 16:13:39,676 [INFO] <4404> ==========================================================================================================
2022-02-10 16:13:39,676 [INFO] <4404>                                              SchedulerService start                                              
2022-02-10 16:13:39,676 [INFO] <4404> ==========================================================================================================
2022-02-10 16:13:39,676 [INFO] <4404> Logger initial success.
2022-02-10 16:13:39,808 [INFO] <4404> SchedulerService initial success.
2022-02-10 16:13:39,808 [INFO] <4404> SchedulerService start success.
2022-02-10 19:03:37,810 [INFO] <4404> SchedulerService stop success.
2022-02-10 19:39:50,874 [INFO] <4280> ==========================================================================================================
2022-02-10 19:39:50,876 [INFO] <4280>                                              SchedulerService start                                              
2022-02-10 19:39:50,876 [INFO] <4280> ==========================================================================================================
2022-02-10 19:39:50,876 [INFO] <4280> Logger initial success.
2022-02-10 19:39:50,906 [INFO] <4280> SchedulerService initial success.
2022-02-10 19:39:50,906 [INFO] <4280> SchedulerService start success.
2022-02-10 20:23:45,269 [INFO] <4280> SchedulerService stop success.
2022-02-10 20:30:26,056 [INFO] <4488> ==========================================================================================================
2022-02-10 20:30:26,066 [INFO] <4488>                                              SchedulerService start                                              
2022-02-10 20:30:26,066 [INFO] <4488> ==========================================================================================================
2022-02-10 20:30:26,074 [INFO] <4488> Logger initial success.
2022-02-10 20:30:26,096 [INFO] <4488> SchedulerService initial success.
2022-02-10 20:30:26,096 [INFO] <4488> SchedulerService start success.
2022-02-10 21:36:39,451 [INFO] <4488> SchedulerService stop success.
2022-02-11 09:13:55,396 [INFO] <4592> ==========================================================================================================
2022-02-11 09:13:55,437 [INFO] <4592>                                              SchedulerService start                                              
2022-02-11 09:13:55,437 [INFO] <4592> ==========================================================================================================
2022-02-11 09:13:55,437 [INFO] <4592> Logger initial success.
2022-02-11 09:13:55,467 [INFO] <4592> SchedulerService initial success.
2022-02-11 09:13:55,467 [INFO] <4592> SchedulerService start success.
2022-02-11 09:31:11,707 [INFO] <4592> SchedulerService stop success.
2022-02-11 09:38:23,868 [INFO] <4500> ==========================================================================================================
2022-02-11 09:38:23,868 [INFO] <4500>                                              SchedulerService start                                              
2022-02-11 09:38:23,868 [INFO] <4500> ==========================================================================================================
2022-02-11 09:38:23,868 [INFO] <4500> Logger initial success.
2022-02-11 09:38:23,896 [INFO] <4500> SchedulerService initial success.
2022-02-11 09:38:23,898 [INFO] <4500> SchedulerService start success.
